七月 07, 2020 11:00:38 上午 io.github.yedaxia.apidocs.LogUtils info
信息: info: find java src paths:  [E:\mj-project\my-swagger\src\main\java\]
七月 07, 2020 11:00:38 上午 io.github.yedaxia.apidocs.LogUtils info
信息: info: project type not set, try to figure out...
七月 07, 2020 11:00:38 上午 io.github.yedaxia.apidocs.LogUtils info
信息: info: start find controllers in path : E:\mj-project\my-swagger\src\main\java\
七月 07, 2020 11:00:39 上午 io.github.yedaxia.apidocs.LogUtils info
信息: info: find controller file : ApiDocController.java
七月 07, 2020 11:00:39 上午 io.github.yedaxia.apidocs.LogUtils info
信息: info: find controller file : AuthorController.java
七月 07, 2020 11:00:39 上午 io.github.yedaxia.apidocs.LogUtils info
信息: info: find controller file : FormObjController.java
七月 07, 2020 11:00:39 上午 io.github.yedaxia.apidocs.LogUtils info
信息: info: find controller file : HomeController.java
七月 07, 2020 11:00:39 上午 io.github.yedaxia.apidocs.LogUtils info
信息: info: find controller file : TestController.java
七月 07, 2020 11:00:39 上午 io.github.yedaxia.apidocs.LogUtils info
信息: info: find controller file : UserController.java
七月 07, 2020 11:00:39 上午 io.github.yedaxia.apidocs.LogUtils info
信息: info: find controller file : DemoSender.java
七月 07, 2020 11:00:39 上午 io.github.yedaxia.apidocs.LogUtils info
信息: info: start to parse controller file : ApiDocController.java
七月 07, 2020 11:00:39 上午 io.github.yedaxia.apidocs.LogUtils info
信息: info: start to parse controller file : AuthorController.java
七月 07, 2020 11:00:39 上午 io.github.yedaxia.apidocs.LogUtils info
信息: info: success to parse controller file : AuthorController.java
七月 07, 2020 11:00:39 上午 io.github.yedaxia.apidocs.LogUtils info
信息: info: start to parse controller file : FormObjController.java
七月 07, 2020 11:00:39 上午 io.github.yedaxia.apidocs.LogUtils info
信息: info: success to parse controller file : FormObjController.java
七月 07, 2020 11:00:39 上午 io.github.yedaxia.apidocs.LogUtils info
信息: info: start to parse controller file : HomeController.java
七月 07, 2020 11:00:39 上午 io.github.yedaxia.apidocs.LogUtils info
信息: info: success to parse controller file : HomeController.java
七月 07, 2020 11:00:39 上午 io.github.yedaxia.apidocs.LogUtils info
信息: info: start to parse controller file : TestController.java
七月 07, 2020 11:00:39 上午 io.github.yedaxia.apidocs.LogUtils info
信息: info: success to parse controller file : TestController.java
七月 07, 2020 11:00:39 上午 io.github.yedaxia.apidocs.LogUtils info
信息: info: start to parse controller file : UserController.java
七月 07, 2020 11:00:39 上午 io.github.yedaxia.apidocs.LogUtils info
信息: info: success to parse controller file : UserController.java
七月 07, 2020 11:00:39 上午 io.github.yedaxia.apidocs.LogUtils info
信息: info: start to parse controller file : DemoSender.java
七月 07, 2020 11:00:39 上午 io.github.yedaxia.apidocs.LogUtils info
信息: info: success to parse controller file : DemoSender.java
七月 07, 2020 11:00:39 上午 io.github.yedaxia.apidocs.LogUtils info
信息: info: generate api docs start...
七月 07, 2020 11:00:39 上午 io.github.yedaxia.apidocs.LogUtils info
信息: info: start to generate docs for controller file : E:\mj-project\my-swagger\src\main\java\org\springbus\controller\AuthorController.java
七月 07, 2020 11:00:40 上午 io.github.yedaxia.apidocs.LogUtils info
信息: info: success to generate docs for controller file : E:\mj-project\my-swagger\src\main\java\org\springbus\controller\AuthorController.java
七月 07, 2020 11:00:40 上午 io.github.yedaxia.apidocs.LogUtils info
信息: info: start to generate docs for controller file : E:\mj-project\my-swagger\src\main\java\org\springbus\controller\FormObjController.java
七月 07, 2020 11:00:40 上午 io.github.yedaxia.apidocs.LogUtils info
信息: info: success to generate docs for controller file : E:\mj-project\my-swagger\src\main\java\org\springbus\controller\FormObjController.java
七月 07, 2020 11:00:40 上午 io.github.yedaxia.apidocs.LogUtils info
信息: info: start to generate docs for controller file : E:\mj-project\my-swagger\src\main\java\org\springbus\controller\HomeController.java
七月 07, 2020 11:00:40 上午 io.github.yedaxia.apidocs.LogUtils info
信息: info: success to generate docs for controller file : E:\mj-project\my-swagger\src\main\java\org\springbus\controller\HomeController.java
七月 07, 2020 11:00:40 上午 io.github.yedaxia.apidocs.LogUtils info
信息: info: start to generate docs for controller file : E:\mj-project\my-swagger\src\main\java\org\springbus\controller\TestController.java
七月 07, 2020 11:00:40 上午 io.github.yedaxia.apidocs.LogUtils info
信息: info: success to generate docs for controller file : E:\mj-project\my-swagger\src\main\java\org\springbus\controller\TestController.java
七月 07, 2020 11:00:40 上午 io.github.yedaxia.apidocs.LogUtils info
信息: info: start to generate docs for controller file : E:\mj-project\my-swagger\src\main\java\org\springbus\controller\UserController.java
七月 07, 2020 11:00:40 上午 io.github.yedaxia.apidocs.LogUtils info
信息: info: success to generate docs for controller file : E:\mj-project\my-swagger\src\main\java\org\springbus\controller\UserController.java
七月 07, 2020 11:00:40 上午 io.github.yedaxia.apidocs.LogUtils info
信息: info: start to generate docs for controller file : E:\mj-project\my-swagger\src\main\java\org\springbus\kafka\DemoSender.java
七月 07, 2020 11:00:40 上午 io.github.yedaxia.apidocs.LogUtils info
信息: info: success to generate docs for controller file : E:\mj-project\my-swagger\src\main\java\org\springbus\kafka\DemoSender.java
七月 07, 2020 11:00:40 上午 io.github.yedaxia.apidocs.LogUtils info
信息: info: generate index start !!!
七月 07, 2020 11:00:40 上午 io.github.yedaxia.apidocs.LogUtils info
信息: info: generate index done !!!
七月 07, 2020 11:00:40 上午 io.github.yedaxia.apidocs.LogUtils info
信息: info: generate api docs done !!!
